This is pdfTeX, Version 3.1415926-2.5-1.40.14 (TeX Live 2013/Debian) (format=pdflatex 2014.4.19)  17 AUG 2014 12:26
entering extended mode
 restricted \write18 enabled.
 %&-line parsing enabled.
**Thesis.tex
(./Thesis.tex
LaTeX2e <2011/06/27>
Babel <3.9h> and hyphenation patterns for 4 languages loaded.
(./Thesis.cls (/usr/share/texlive/texmf-dist/tex/latex/base/textcomp.sty
Package: textcomp 2005/09/27 v1.99g Standard LaTeX package
Package textcomp Info: Sub-encoding information:
(textcomp)               5 = only ISO-Adobe without \textcurrency
(textcomp)               4 = 5 + \texteuro
(textcomp)               3 = 4 + \textohm
(textcomp)               2 = 3 + \textestimated + \textcurrency
(textcomp)               1 = TS1 - \textcircled - \t
(textcomp)               0 = TS1 (full)
(textcomp)             Font families with sub-encoding setting implement
(textcomp)             only a restricted character set as indicated.
(textcomp)             Family '?' is the default used for unknown fonts.
(textcomp)             See the documentation for details.
Package textcomp Info: Setting ? sub-encoding to TS1/1 on input line 71.

(/usr/share/texlive/texmf-dist/tex/latex/base/ts1enc.def
File: ts1enc.def 2001/06/05 v3.0e (jk/car/fm) Standard LaTeX file
)
LaTeX Info: Redefining \oldstylenums on input line 266.
Package textcomp Info: Setting cmr sub-encoding to TS1/0 on input line 281.
Package textcomp Info: Setting cmss sub-encoding to TS1/0 on input line 282.
Package textcomp Info: Setting cmtt sub-encoding to TS1/0 on input line 283.
Package textcomp Info: Setting cmvtt sub-encoding to TS1/0 on input line 284.
Package textcomp Info: Setting cmbr sub-encoding to TS1/0 on input line 285.
Package textcomp Info: Setting cmtl sub-encoding to TS1/0 on input line 286.
Package textcomp Info: Setting ccr sub-encoding to TS1/0 on input line 287.
Package textcomp Info: Setting ptm sub-encoding to TS1/4 on input line 288.
Package textcomp Info: Setting pcr sub-encoding to TS1/4 on input line 289.
Package textcomp Info: Setting phv sub-encoding to TS1/4 on input line 290.
Package textcomp Info: Setting ppl sub-encoding to TS1/3 on input line 291.
Package textcomp Info: Setting pag sub-encoding to TS1/4 on input line 292.
Package textcomp Info: Setting pbk sub-encoding to TS1/4 on input line 293.
Package textcomp Info: Setting pnc sub-encoding to TS1/4 on input line 294.
Package textcomp Info: Setting pzc sub-encoding to TS1/4 on input line 295.
Package textcomp Info: Setting bch sub-encoding to TS1/4 on input line 296.
Package textcomp Info: Setting put sub-encoding to TS1/5 on input line 297.
Package textcomp Info: Setting uag sub-encoding to TS1/5 on input line 298.
Package textcomp Info: Setting ugq sub-encoding to TS1/5 on input line 299.
Package textcomp Info: Setting ul8 sub-encoding to TS1/4 on input line 300.
Package textcomp Info: Setting ul9 sub-encoding to TS1/4 on input line 301.
Package textcomp Info: Setting augie sub-encoding to TS1/5 on input line 302.
Package textcomp Info: Setting dayrom sub-encoding to TS1/3 on input line 303.
Package textcomp Info: Setting dayroms sub-encoding to TS1/3 on input line 304.

Package textcomp Info: Setting pxr sub-encoding to TS1/0 on input line 305.
Package textcomp Info: Setting pxss sub-encoding to TS1/0 on input line 306.
Package textcomp Info: Setting pxtt sub-encoding to TS1/0 on input line 307.
Package textcomp Info: Setting txr sub-encoding to TS1/0 on input line 308.
Package textcomp Info: Setting txss sub-encoding to TS1/0 on input line 309.
Package textcomp Info: Setting txtt sub-encoding to TS1/0 on input line 310.
Package textcomp Info: Setting lmr sub-encoding to TS1/0 on input line 311.
Package textcomp Info: Setting lmdh sub-encoding to TS1/0 on input line 312.
Package textcomp Info: Setting lmss sub-encoding to TS1/0 on input line 313.
Package textcomp Info: Setting lmssq sub-encoding to TS1/0 on input line 314.
Package textcomp Info: Setting lmvtt sub-encoding to TS1/0 on input line 315.
Package textcomp Info: Setting qhv sub-encoding to TS1/0 on input line 316.
Package textcomp Info: Setting qag sub-encoding to TS1/0 on input line 317.
Package textcomp Info: Setting qbk sub-encoding to TS1/0 on input line 318.
Package textcomp Info: Setting qcr sub-encoding to TS1/0 on input line 319.
Package textcomp Info: Setting qcs sub-encoding to TS1/0 on input line 320.
Package textcomp Info: Setting qpl sub-encoding to TS1/0 on input line 321.
Package textcomp Info: Setting qtm sub-encoding to TS1/0 on input line 322.
Package textcomp Info: Setting qzc sub-encoding to TS1/0 on input line 323.
Package textcomp Info: Setting qhvc sub-encoding to TS1/0 on input line 324.
Package textcomp Info: Setting futs sub-encoding to TS1/4 on input line 325.
Package textcomp Info: Setting futx sub-encoding to TS1/4 on input line 326.
Package textcomp Info: Setting futj sub-encoding to TS1/4 on input line 327.
Package textcomp Info: Setting hlh sub-encoding to TS1/3 on input line 328.
Package textcomp Info: Setting hls sub-encoding to TS1/3 on input line 329.
Package textcomp Info: Setting hlst sub-encoding to TS1/3 on input line 330.
Package textcomp Info: Setting hlct sub-encoding to TS1/5 on input line 331.
Package textcomp Info: Setting hlx sub-encoding to TS1/5 on input line 332.
Package textcomp Info: Setting hlce sub-encoding to TS1/5 on input line 333.
Package textcomp Info: Setting hlcn sub-encoding to TS1/5 on input line 334.
Package textcomp Info: Setting hlcw sub-encoding to TS1/5 on input line 335.
Package textcomp Info: Setting hlcf sub-encoding to TS1/5 on input line 336.
Package textcomp Info: Setting pplx sub-encoding to TS1/3 on input line 337.
Package textcomp Info: Setting pplj sub-encoding to TS1/3 on input line 338.
Package textcomp Info: Setting ptmx sub-encoding to TS1/4 on input line 339.
Package textcomp Info: Setting ptmj sub-encoding to TS1/4 on input line 340.
)
Document Class: Thesis 2007/22/02 v1.0 LaTeX document class
(/usr/share/texlive/texmf-dist/tex/latex/base/book.cls
Document Class: book 2007/10/19 v1.4h Standard LaTeX document class
(/usr/share/texlive/texmf-dist/tex/latex/base/bk12.clo
File: bk12.clo 2007/10/19 v1.4h Standard LaTeX file (size option)
)
\c@part=\count79
\c@chapter=\count80
\c@section=\count81
\c@subsection=\count82
\c@subsubsection=\count83
\c@paragraph=\count84
\c@subparagraph=\count85
\c@figure=\count86
\c@table=\count87
\abovecaptionskip=\skip41
\belowcaptionskip=\skip42
\bibindent=\dimen102
)
(/usr/share/texlive/texmf-dist/tex/latex/setspace/setspace.sty
Package: setspace 2011/12/19 v6.7a set line spacing
)
(/usr/share/texlive/texmf-dist/tex/latex/vmargin/vmargin.sty
Package: vmargin 2004/07/15 V2.5 set document margins (VK)

Package: vmargin 2004/07/15 V2.5 set document margins (VK)
\PaperWidth=\dimen103
\PaperHeight=\dimen104
) (/usr/share/texlive/texmf-dist/tex/latex/fancyhdr/fancyhdr.sty
\fancy@headwidth=\skip43
\f@ncyO@elh=\skip44
\f@ncyO@erh=\skip45
\f@ncyO@olh=\skip46
\f@ncyO@orh=\skip47
\f@ncyO@elf=\skip48
\f@ncyO@erf=\skip49
\f@ncyO@olf=\skip50
\f@ncyO@orf=\skip51
)
(/usr/share/texlive/texmf-dist/tex/latex/amsmath/amsmath.sty
Package: amsmath 2013/01/14 v2.14 AMS math features
\@mathmargin=\skip52

For additional information on amsmath, use the `?' option.
(/usr/share/texlive/texmf-dist/tex/latex/amsmath/amstext.sty
Package: amstext 2000/06/29 v2.01

(/usr/share/texlive/texmf-dist/tex/latex/amsmath/amsgen.sty
File: amsgen.sty 1999/11/30 v2.0
\@emptytoks=\toks14
\ex@=\dimen105
))
(/usr/share/texlive/texmf-dist/tex/latex/amsmath/amsbsy.sty
Package: amsbsy 1999/11/29 v1.2d
\pmbraise@=\dimen106
)
(/usr/share/texlive/texmf-dist/tex/latex/amsmath/amsopn.sty
Package: amsopn 1999/12/14 v2.01 operator names
)
\inf@bad=\count88
LaTeX Info: Redefining \frac on input line 210.
\uproot@=\count89
\leftroot@=\count90
LaTeX Info: Redefining \overline on input line 306.
\classnum@=\count91
\DOTSCASE@=\count92
LaTeX Info: Redefining \ldots on input line 378.
LaTeX Info: Redefining \dots on input line 381.
LaTeX Info: Redefining \cdots on input line 466.
\Mathstrutbox@=\box26
\strutbox@=\box27
\big@size=\dimen107
LaTeX Font Info:    Redeclaring font encoding OML on input line 566.
LaTeX Font Info:    Redeclaring font encoding OMS on input line 567.
\macc@depth=\count93
\c@MaxMatrixCols=\count94
\dotsspace@=\muskip10
\c@parentequation=\count95
\dspbrk@lvl=\count96
\tag@help=\toks15
\row@=\count97
\column@=\count98
\maxfields@=\count99
\andhelp@=\toks16
\eqnshift@=\dimen108
\alignsep@=\dimen109
\tagshift@=\dimen110
\tagwidth@=\dimen111
\totwidth@=\dimen112
\lineht@=\dimen113
\@envbody=\toks17
\multlinegap=\skip53
\multlinetaggap=\skip54
\mathdisplay@stack=\toks18
LaTeX Info: Redefining \[ on input line 2665.
LaTeX Info: Redefining \] on input line 2666.
)
(/usr/share/texlive/texmf-dist/tex/latex/amsfonts/amsfonts.sty
Package: amsfonts 2013/01/14 v3.01 Basic AMSFonts support
\symAMSa=\mathgroup4
\symAMSb=\mathgroup5
LaTeX Font Info:    Overwriting math alphabet `\mathfrak' in version `bold'
(Font)                  U/euf/m/n --> U/euf/b/n on input line 106.
)
(/usr/share/texlive/texmf-dist/tex/latex/amsfonts/amssymb.sty
Package: amssymb 2013/01/14 v3.01 AMS font symbols
)
(/usr/share/texlive/texmf-dist/tex/latex/amsmath/amscd.sty
Package: amscd 1999/11/29 v2.0
\athelp@=\toks19
\minaw@=\dimen114
\bigaw@=\dimen115
\minCDarrowwidth=\dimen116
)
(/usr/share/texlive/texmf-dist/tex/latex/amscls/amsthm.sty
Package: amsthm 2004/08/06 v2.20
\thm@style=\toks20
\thm@bodyfont=\toks21
\thm@headfont=\toks22
\thm@notefont=\toks23
\thm@headpunct=\toks24
\thm@preskip=\skip55
\thm@postskip=\skip56
\thm@headsep=\skip57
\dth@everypar=\toks25
)
(/usr/share/texlive/texmf-dist/tex/latex/tools/xspace.sty
Package: xspace 2009/10/20 v1.13 Space after command names (DPC,MH)
)
\c@example=\count100
\c@theorem=\count101

(/usr/share/texlive/texmf-dist/tex/latex/caption/caption.sty
Package: caption 2013/05/02 v3.3-89 Customizing captions (AR)

(/usr/share/texlive/texmf-dist/tex/latex/caption/caption3.sty
Package: caption3 2013/05/02 v1.6-88 caption3 kernel (AR)
Package caption3 Info: TeX engine: e-TeX on input line 57.

(/usr/share/texlive/texmf-dist/tex/latex/graphics/keyval.sty
Package: keyval 1999/03/16 v1.13 key=value parser (DPC)
\KV@toks@=\toks26
)
\captionmargin=\dimen117
\captionmargin@=\dimen118
\captionwidth=\dimen119
\caption@tempdima=\dimen120
\caption@indent=\dimen121
\caption@parindent=\dimen122
\caption@hangindent=\dimen123
)
\c@ContinuedFloat=\count102
)
(/usr/share/texlive/texmf-dist/tex/latex/graphics/graphicx.sty
Package: graphicx 1999/02/16 v1.0f Enhanced LaTeX Graphics (DPC,SPQR)

(/usr/share/texlive/texmf-dist/tex/latex/graphics/graphics.sty
Package: graphics 2009/02/05 v1.0o Standard LaTeX Graphics (DPC,SPQR)

(/usr/share/texlive/texmf-dist/tex/latex/graphics/trig.sty
Package: trig 1999/03/16 v1.09 sin cos tan (DPC)
)
(/usr/share/texlive/texmf-dist/tex/latex/latexconfig/graphics.cfg
File: graphics.cfg 2010/04/23 v1.9 graphics configuration of TeX Live
)
Package graphics Info: Driver file: pdftex.def on input line 91.

(/usr/share/texlive/texmf-dist/tex/latex/pdftex-def/pdftex.def
File: pdftex.def 2011/05/27 v0.06d Graphics/color for pdfTeX

(/usr/share/texlive/texmf-dist/tex/generic/oberdiek/infwarerr.sty
Package: infwarerr 2010/04/08 v1.3 Providing info/warning/error messages (HO)
)
(/usr/share/texlive/texmf-dist/tex/generic/oberdiek/ltxcmds.sty
Package: ltxcmds 2011/11/09 v1.22 LaTeX kernel commands for general use (HO)
)
\Gread@gobject=\count103
))
\Gin@req@height=\dimen124
\Gin@req@width=\dimen125
)
(/usr/share/texlive/texmf-dist/tex/latex/oberdiek/epstopdf.sty
Package: epstopdf 2010/02/09 v2.5 Conversion with epstopdf on the fly (HO)

(/usr/share/texlive/texmf-dist/tex/latex/oberdiek/epstopdf-base.sty
Package: epstopdf-base 2010/02/09 v2.5 Base part for package epstopdf

(/usr/share/texlive/texmf-dist/tex/latex/oberdiek/grfext.sty
Package: grfext 2010/08/19 v1.1 Manage graphics extensions (HO)

(/usr/share/texlive/texmf-dist/tex/generic/oberdiek/kvdefinekeys.sty
Package: kvdefinekeys 2011/04/07 v1.3 Define keys (HO)
))
(/usr/share/texlive/texmf-dist/tex/latex/oberdiek/kvoptions.sty
Package: kvoptions 2011/06/30 v3.11 Key value format for package options (HO)

(/usr/share/texlive/texmf-dist/tex/generic/oberdiek/kvsetkeys.sty
Package: kvsetkeys 2012/04/25 v1.16 Key value parser (HO)

(/usr/share/texlive/texmf-dist/tex/generic/oberdiek/etexcmds.sty
Package: etexcmds 2011/02/16 v1.5 Avoid name clashes with e-TeX commands (HO)

(/usr/share/texlive/texmf-dist/tex/generic/oberdiek/ifluatex.sty
Package: ifluatex 2010/03/01 v1.3 Provides the ifluatex switch (HO)
Package ifluatex Info: LuaTeX not detected.
)
Package etexcmds Info: Could not find \expanded.
(etexcmds)             That can mean that you are not using pdfTeX 1.50 or
(etexcmds)             that some package has redefined \expanded.
(etexcmds)             In the latter case, load this package earlier.
)))
(/usr/share/texlive/texmf-dist/tex/generic/oberdiek/pdftexcmds.sty
Package: pdftexcmds 2011/11/29 v0.20 Utility functions of pdfTeX for LuaTeX (HO
)

(/usr/share/texlive/texmf-dist/tex/generic/oberdiek/ifpdf.sty
Package: ifpdf 2011/01/30 v2.3 Provides the ifpdf switch (HO)
Package ifpdf Info: pdfTeX in PDF mode is detected.
)
Package pdftexcmds Info: LuaTeX not detected.
Package pdftexcmds Info: \pdf@primitive is available.
Package pdftexcmds Info: \pdf@ifprimitive is available.
Package pdftexcmds Info: \pdfdraftmode found.
)
Package grfext Info: Graphics extension search list:
(grfext)             [.png,.pdf,.jpg,.mps,.jpeg,.jbig2,.jb2,.PNG,.PDF,.JPG,.JPE
G,.JBIG2,.JB2,.eps]
(grfext)             \AppendGraphicsExtensions on input line 452.

(/usr/share/texlive/texmf-dist/tex/latex/latexconfig/epstopdf-sys.cfg
File: epstopdf-sys.cfg 2010/07/13 v1.3 Configuration of (r)epstopdf for TeX Liv
e
)))
(/usr/share/texlive/texmf-dist/tex/latex/subfigure/subfigure.sty
Package: subfigure 2002/03/15 v2.1.5 subfigure package
\subfigtopskip=\skip58
\subfigcapskip=\skip59
\subfigcaptopadj=\dimen126
\subfigbottomskip=\skip60
\subfigcapmargin=\dimen127
\subfiglabelskip=\skip61
\c@subfigure=\count104
\c@lofdepth=\count105
\c@subtable=\count106
\c@lotdepth=\count107

****************************************
* Local config file subfigure.cfg used *
****************************************
(/usr/share/texlive/texmf-dist/tex/latex/subfigure/subfigure.cfg)
\subfig@top=\skip62
\subfig@bottom=\skip63
)
(/usr/share/texlive/texmf-dist/tex/latex/booktabs/booktabs.sty
Package: booktabs 2005/04/14 v1.61803 publication quality tables
\heavyrulewidth=\dimen128
\lightrulewidth=\dimen129
\cmidrulewidth=\dimen130
\belowrulesep=\dimen131
\belowbottomsep=\dimen132
\aboverulesep=\dimen133
\abovetopsep=\dimen134
\cmidrulesep=\dimen135
\cmidrulekern=\dimen136
\defaultaddspace=\dimen137
\@cmidla=\count108
\@cmidlb=\count109
\@aboverulesep=\dimen138
\@belowrulesep=\dimen139
\@thisruleclass=\count110
\@lastruleclass=\count111
\@thisrulewidth=\dimen140
)
(/usr/share/texlive/texmf-dist/tex/latex/rotating/rotating.sty
Package: rotating 2009/03/28 v2.16a rotated objects in LaTeX

(/usr/share/texlive/texmf-dist/tex/latex/base/ifthen.sty
Package: ifthen 2001/05/26 v1.1c Standard LaTeX ifthen package (DPC)
)
\c@r@tfl@t=\count112
\rotFPtop=\skip64
\rotFPbot=\skip65
\rot@float@box=\box28
\rot@mess@toks=\toks27
)
(/usr/share/texlive/texmf-dist/tex/latex/listings/listings.sty
\lst@mode=\count113
\lst@gtempboxa=\box29
\lst@token=\toks28
\lst@length=\count114
\lst@currlwidth=\dimen141
\lst@column=\count115
\lst@pos=\count116
\lst@lostspace=\dimen142
\lst@width=\dimen143
\lst@newlines=\count117
\lst@lineno=\count118
\lst@maxwidth=\dimen144
 (./lstpatch.sty

***
*** This is a patch for listings 1.3, but you're using
*** version 1.5b.
***
*** Patch file not loaded.
***

) (/usr/share/texlive/texmf-dist/tex/latex/listings/lstmisc.sty
File: lstmisc.sty 2013/08/26 1.5b (Carsten Heinz)
\c@lstnumber=\count119
\lst@skipnumbers=\count120
\lst@framebox=\box30
)
(/usr/share/texlive/texmf-dist/tex/latex/listings/listings.cfg
File: listings.cfg 2013/08/26 1.5b listings configuration
))
Package: listings 2013/08/26 1.5b (Carsten Heinz)

(./lstpatch.sty

***
*** This is a patch for listings 1.3, but you're using
*** version 1.5b.
***
 *** Patch file not loaded.
***

) (/usr/share/texlive/texmf-dist/tex/latex/hyperref/hyperref.sty
Package: hyperref 2012/11/06 v6.83m Hypertext links for LaTeX

(/usr/share/texlive/texmf-dist/tex/generic/oberdiek/hobsub-hyperref.sty
Package: hobsub-hyperref 2012/05/28 v1.13 Bundle oberdiek, subset hyperref (HO)


(/usr/share/texlive/texmf-dist/tex/generic/oberdiek/hobsub-generic.sty
Package: hobsub-generic 2012/05/28 v1.13 Bundle oberdiek, subset generic (HO)
Package: hobsub 2012/05/28 v1.13 Construct package bundles (HO)
Package hobsub Info: Skipping package `infwarerr' (already loaded).
Package hobsub Info: Skipping package `ltxcmds' (already loaded).
Package hobsub Info: Skipping package `ifluatex' (already loaded).
Package: ifvtex 2010/03/01 v1.5 Detect VTeX and its facilities (HO)
Package ifvtex Info: VTeX not detected.
Package: intcalc 2007/09/27 v1.1 Expandable calculations with integers (HO)
Package hobsub Info: Skipping package `ifpdf' (already loaded).
Package hobsub Info: Skipping package `etexcmds' (already loaded).
Package hobsub Info: Skipping package `kvsetkeys' (already loaded).
Package hobsub Info: Skipping package `kvdefinekeys' (already loaded).
Package hobsub Info: Skipping package `pdftexcmds' (already loaded).
Package: pdfescape 2011/11/25 v1.13 Implements pdfTeX's escape features (HO)
Package: bigintcalc 2012/04/08 v1.3 Expandable calculations on big integers (HO
)
Package: bitset 2011/01/30 v1.1 Handle bit-vector datatype (HO)
Package: uniquecounter 2011/01/30 v1.2 Provide unlimited unique counter (HO)
)
Package hobsub Info: Skipping package `hobsub' (already loaded).
Package: letltxmacro 2010/09/02 v1.4 Let assignment for LaTeX macros (HO)
Package: hopatch 2012/05/28 v1.2 Wrapper for package hooks (HO)
Package: xcolor-patch 2011/01/30 xcolor patch
Package: atveryend 2011/06/30 v1.8 Hooks at the very end of document (HO)
Package atveryend Info: \enddocument detected (standard20110627).
Package: atbegshi 2011/10/05 v1.16 At begin shipout hook (HO)
Package: refcount 2011/10/16 v3.4 Data extraction from label references (HO)
Package: hycolor 2011/01/30 v1.7 Color options for hyperref/bookmark (HO)
)
(/usr/share/texlive/texmf-dist/tex/generic/ifxetex/ifxetex.sty
Package: ifxetex 2010/09/12 v0.6 Provides ifxetex conditional
)
(/usr/share/texlive/texmf-dist/tex/latex/oberdiek/auxhook.sty
Package: auxhook 2011/03/04 v1.3 Hooks for auxiliary files (HO)
)
\@linkdim=\dimen145
\Hy@linkcounter=\count121
\Hy@pagecounter=\count122

(/usr/share/texlive/texmf-dist/tex/latex/hyperref/pd1enc.def
File: pd1enc.def 2012/11/06 v6.83m Hyperref: PDFDocEncoding definition (HO)
)
\Hy@SavedSpaceFactor=\count123

(/usr/share/texlive/texmf-dist/tex/latex/latexconfig/hyperref.cfg
File: hyperref.cfg 2002/06/06 v1.2 hyperref configuration of TeXLive
)
Package hyperref Info: Option `bookmarks' set `true' on input line 4319.
Package hyperref Info: Option `bookmarksopen' set `true' on input line 4319.
Package hyperref Info: Option `bookmarksnumbered' set `true' on input line 4319
.
Package hyperref Info: Option `hypertexnames' set `false' on input line 4319.
Package hyperref Info: Option `colorlinks' set `true' on input line 4319.
Package hyperref Info: Option `unicode' set `true' on input line 4319.

(/usr/share/texlive/texmf-dist/tex/latex/hyperref/puenc.def
File: puenc.def 2012/11/06 v6.83m Hyperref: PDF Unicode definition (HO)
)
Package hyperref Info: Option `breaklinks' set `true' on input line 4319.
Package hyperref Info: Hyper figures OFF on input line 4443.
Package hyperref Info: Link nesting OFF on input line 4448.
Package hyperref Info: Hyper index ON on input line 4451.
Package hyperref Info: Plain pages OFF on input line 4458.
Package hyperref Info: Backreferencing OFF on input line 4463.
Package hyperref Info: Implicit mode ON; LaTeX internals redefined.
Package hyperref Info: Bookmarks ON on input line 4688.
\c@Hy@tempcnt=\count124

(/usr/share/texlive/texmf-dist/tex/latex/url/url.sty
\Urlmuskip=\muskip11
Package: url 2013/09/16  ver 3.4  Verb mode for urls, etc.
)
LaTeX Info: Redefining \url on input line 5041.
\XeTeXLinkMargin=\dimen146
\Fld@menulength=\count125
\Field@Width=\dimen147
\Fld@charsize=\dimen148
Package hyperref Info: Hyper figures OFF on input line 6295.
Package hyperref Info: Link nesting OFF on input line 6300.
Package hyperref Info: Hyper index ON on input line 6303.
Package hyperref Info: backreferencing OFF on input line 6310.
Package hyperref Info: Link coloring ON on input line 6313.
Package hyperref Info: Link coloring with OCG OFF on input line 6320.
Package hyperref Info: PDF/A mode OFF on input line 6325.
LaTeX Info: Redefining \ref on input line 6365.
LaTeX Info: Redefining \pageref on input line 6369.
\Hy@abspage=\count126
\c@Item=\count127
\c@Hfootnote=\count128
)

Package hyperref Message: Driver (autodetected): hpdftex.

(/usr/share/texlive/texmf-dist/tex/latex/hyperref/hpdftex.def
File: hpdftex.def 2012/11/06 v6.83m Hyperref driver for pdfTeX
\Fld@listcount=\count129
\c@bookmark@seq@number=\count130

(/usr/share/texlive/texmf-dist/tex/latex/oberdiek/rerunfilecheck.sty
Package: rerunfilecheck 2011/04/15 v1.7 Rerun checks for auxiliary files (HO)
Package uniquecounter Info: New unique counter `rerunfilecheck' on input line 2
82.
)
\Hy@SectionHShift=\skip66
)
\c@dummy=\count131

(/usr/share/texlive/texmf-dist/tex/latex/tools/longtable.sty
Package: longtable 2004/02/01 v4.11 Multi-page Table package (DPC)
\LTleft=\skip67
\LTright=\skip68
\LTpre=\skip69
\LTpost=\skip70
\LTchunksize=\count132
\LTcapwidth=\dimen149
\LT@head=\box31
\LT@firsthead=\box32
\LT@foot=\box33
\LT@lastfoot=\box34
\LT@cols=\count133
\LT@rows=\count134
\c@LT@tables=\count135
\c@LT@chunks=\count136
\LT@p@ftn=\toks29
))
(/usr/share/texlive/texmf-dist/tex/latex/natbib/natbib.sty
Package: natbib 2010/09/13 8.31b (PWD, AO)
\bibhang=\skip71
\bibsep=\skip72
LaTeX Info: Redefining \cite on input line 694.
\c@NAT@ctr=\count137
)
(/usr/share/texlive/texmf-dist/tex/latex/tools/verbatim.sty
Package: verbatim 2003/08/22 v1.5q LaTeX2e package for verbatim enhancements
\every@verbatim=\toks30
\verbatim@line=\toks31
\verbatim@in@stream=\read1
) (./vector.sty
Package: vector 1994/09/16 v1.0 vector macros for LaTeX2e (nde)

(/usr/share/texlive/texmf-dist/tex/latex/tools/calc.sty
Package: calc 2007/08/22 v4.3 Infix arithmetic (KKT,FJ)
\calc@Acount=\count138
\calc@Bcount=\count139
\calc@Adimen=\dimen150
\calc@Bdimen=\dimen151
\calc@Askip=\skip73
\calc@Bskip=\skip74
LaTeX Info: Redefining \setlength on input line 76.
LaTeX Info: Redefining \addtolength on input line 77.
\calc@Ccount=\count140
\calc@Cskip=\skip75
)
\c@vec@elem=\count141
)
(/usr/share/texlive/texmf-dist/tex/latex/float/float.sty
Package: float 2001/11/08 v1.3d Float enhancements (AL)
\c@float@type=\count142
\float@exts=\toks32
\float@box=\box35
\@float@everytoks=\toks33
\@floatcapt=\box36
)

Package hyperref Warning: Unexpected value `black'
(hyperref)                of option `colorlinks' instead of
(hyperref)                `true' or 'false' on input line 15.

(./Thesis.aux)
\openout1 = `Thesis.aux'.

LaTeX Font Info:    Checking defaults for OML/cmm/m/it on input line 18.
LaTeX Font Info:    ... okay on input line 18.
LaTeX Font Info:    Checking defaults for T1/cmr/m/n on input line 18.
LaTeX Font Info:    ... okay on input line 18.
LaTeX Font Info:    Checking defaults for OT1/cmr/m/n on input line 18.
LaTeX Font Info:    ... okay on input line 18.
LaTeX Font Info:    Checking defaults for OMS/cmsy/m/n on input line 18.
LaTeX Font Info:    ... okay on input line 18.
LaTeX Font Info:    Checking defaults for OMX/cmex/m/n on input line 18.
LaTeX Font Info:    ... okay on input line 18.
LaTeX Font Info:    Checking defaults for U/cmr/m/n on input line 18.
LaTeX Font Info:    ... okay on input line 18.
LaTeX Font Info:    Checking defaults for TS1/cmr/m/n on input line 18.
LaTeX Font Info:    Try loading font information for TS1+cmr on input line 18.
 (/usr/share/texlive/texmf-dist/tex/latex/base/ts1cmr.fd
File: ts1cmr.fd 1999/05/25 v2.5h Standard LaTeX font definitions
)
LaTeX Font Info:    ... okay on input line 18.
LaTeX Font Info:    Checking defaults for PD1/pdf/m/n on input line 18.
LaTeX Font Info:    ... okay on input line 18.
LaTeX Font Info:    Checking defaults for PU/pdf/m/n on input line 18.
LaTeX Font Info:    ... okay on input line 18.
Package caption Info: Begin \AtBeginDocument code.
Package caption Info: float package is loaded.
Package caption Info: hyperref package is loaded.
Package caption Info: listings package is loaded.
Package caption Info: longtable package is loaded.

(/usr/share/texlive/texmf-dist/tex/latex/caption/ltcaption.sty
Package: ltcaption 2013/02/03 v1.3-62 longtable captions (AR)
)
Package caption Info: rotating package is loaded.
Package caption Info: subfigure package is loaded.
Package caption Info: End \AtBeginDocument code.

(/usr/share/texlive/texmf-dist/tex/context/base/supp-pdf.mkii
[Loading MPS to PDF converter (version 2006.09.02).]
\scratchcounter=\count143
\scratchdimen=\dimen152
\scratchbox=\box37
\nofMPsegments=\count144
\nofMParguments=\count145
\everyMPshowfont=\toks34
\MPscratchCnt=\count146
\MPscratchDim=\dimen153
\MPnumerator=\count147
\makeMPintoPDFobject=\count148
\everyMPtoPDFconversion=\toks35
)
\c@lstlisting=\count149
\AtBeginShipoutBox=\box38
 (/usr/share/texlive/texmf-dist/tex/latex/graphics/color.sty
Package: color 2005/11/14 v1.0j Standard LaTeX Color (DPC)

(/usr/share/texlive/texmf-dist/tex/latex/latexconfig/color.cfg
File: color.cfg 2007/01/18 v1.5 color configuration of teTeX/TeXLive
)
Package color Info: Driver file: pdftex.def on input line 130.
)
Package hyperref Info: Link coloring ON on input line 18.

(/usr/share/texlive/texmf-dist/tex/latex/hyperref/nameref.sty
Package: nameref 2012/10/27 v2.43 Cross-referencing by name of section

(/usr/share/texlive/texmf-dist/tex/generic/oberdiek/gettitlestring.sty
Package: gettitlestring 2010/12/03 v1.4 Cleanup title references (HO)
)
\c@section@level=\count150
)
LaTeX Info: Redefining \ref on input line 18.
LaTeX Info: Redefining \pageref on input line 18.
LaTeX Info: Redefining \nameref on input line 18.

(./Thesis.out) (./Thesis.out)
\@outlinefile=\write3
\openout3 = `Thesis.out'.


------------------------------------------------------------------------------
 Title Page
------------------------------------------------------------------------------
[1



{/var/lib/texmf/fonts/map/pdftex/updmap/pdftex.map}]
------------------------------------------------------------------------------
 Second Title Page
------------------------------------------------------------------------------
[1


]
------------------------------------------------------------------------------
 Declaration of Authorship
------------------------------------------------------------------------------
LaTeX Font Info:    Try loading font information for U+msa on input line 69.
(/usr/share/texlive/texmf-dist/tex/latex/amsfonts/umsa.fd
File: umsa.fd 2013/01/14 v3.01 AMS symbols A
)
LaTeX Font Info:    Try loading font information for U+msb on input line 69.

(/usr/share/texlive/texmf-dist/tex/latex/amsfonts/umsb.fd
File: umsb.fd 2013/01/14 v3.01 AMS symbols B
) [1

]
------------------------------------------------------------------------------
 0 Abstract
------------------------------------------------------------------------------
(./Chapters/Abstract.tex) [2



]
------------------------------------------------------------------------------
 0 Acknowledgements
------------------------------------------------------------------------------
(./Chapters/Acknowledgements.tex) [3


]
------------------------------------------------------------------------------
 Table of Contents
------------------------------------------------------------------------------
(./Thesis.toc [4


])
\tf@toc=\write4
\openout4 = `Thesis.toc'.

 [5]
------------------------------------------------------------------------------
 List of Figures
------------------------------------------------------------------------------
(./Thesis.lof)
\tf@lof=\write5
\openout5 = `Thesis.lof'.

 [6


] [7] (./Chapters/Abbreviations.tex
------------------------------------------------------------------------------
 Abbreviations
------------------------------------------------------------------------------
[8



]) (./Chapters/Introduction.tex) (./Chapters/Chapter1.tex [1



]
Chapter 1.
------------------------------------------------------------------------------
 1 Literature review
------------------------------------------------------------------------------
[2

] <./Figures/client_server_communication.png, id=384, 963.6pt x 722.7pt>
File: ./Figures/client_server_communication.png Graphic file (type png)

<use ./Figures/client_server_communication.png>
Package pdftex.def Info: ./Figures/client_server_communication.png used on inpu
t line 50.
(pdftex.def)             Requested size: 375.7232pt x 281.78569pt.
 [3 <./Figures/client_server_communication.png>] <./Figures/polling.png, id=397
, 963.6pt x 722.7pt>
File: ./Figures/polling.png Graphic file (type png)

<use ./Figures/polling.png>
Package pdftex.def Info: ./Figures/polling.png used on input line 68.
(pdftex.def)             Requested size: 417.47307pt x 313.10379pt.
 [4 <./Figures/polling.png>]
<./Figures/long_polling.png, id=405, 963.6pt x 722.7pt>
File: ./Figures/long_polling.png Graphic file (type png)

<use ./Figures/long_polling.png>
Package pdftex.def Info: ./Figures/long_polling.png used on input line 93.
(pdftex.def)             Requested size: 375.7232pt x 281.78569pt.
 [5 <./Figures/long_polling.png>]
<./Figures/streaming.png, id=413, 963.6pt x 722.7pt>
File: ./Figures/streaming.png Graphic file (type png)

<use ./Figures/streaming.png>
Package pdftex.def Info: ./Figures/streaming.png used on input line 125.
(pdftex.def)             Requested size: 375.7232pt x 281.78569pt.
 [6 <./Figures/streaming.png>] [7] [8] [9]
<./Figures/frame_overhead.png, id=439, 362.35374pt x 114.4275pt>
File: ./Figures/frame_overhead.png Graphic file (type png)

<use ./Figures/frame_overhead.png>
Package pdftex.def Info: ./Figures/frame_overhead.png used on input line 263.
(pdftex.def)             Requested size: 250.48637pt x 79.10172pt.

<./Figures/tls_overhead.png, id=444, 754.82pt x 95.35625pt>
File: ./Figures/tls_overhead.png Graphic file (type png)

<use ./Figures/tls_overhead.png>
Package pdftex.def Info: ./Figures/tls_overhead.png used on input line 275.
(pdftex.def)             Requested size: 417.47307pt x 52.73854pt.

<./Figures/tcp_overhead.png, id=447, 773.89125pt x 95.35625pt>
File: ./Figures/tcp_overhead.png Graphic file (type png)

<use ./Figures/tcp_overhead.png>
Package pdftex.def Info: ./Figures/tcp_overhead.png used on input line 282.
(pdftex.def)             Requested size: 417.47307pt x 51.43921pt.

<./Figures/separate_websocket.png, id=452, 548.0475pt x 73.27374pt>
File: ./Figures/separate_websocket.png Graphic file (type png)

<use ./Figures/separate_websocket.png>
Package pdftex.def Info: ./Figures/separate_websocket.png used on input line 30
3.
(pdftex.def)             Requested size: 417.47307pt x 55.81718pt.
 [10 <./Figures/frame_overhead.png> <./Figures/tls_overhead.png> <./Figures/tcp
_overhead.png>]
<./Figures/batched_websocket.png, id=463, 368.37625pt x 118.4425pt>
File: ./Figures/batched_websocket.png Graphic file (type png)

<use ./Figures/batched_websocket.png>
Package pdftex.def Info: ./Figures/batched_websocket.png used on input line 312
.
(pdftex.def)             Requested size: 292.22987pt x 93.95891pt.
 [11 <./Figures/separate_websocket.png> <./Figures/batched_websocket.png>] [12]

Overfull \hbox (7.49883pt too wide) in paragraph at lines 403--406
\OT1/cmr/m/n/12 As sug-gest John Stone pa-per's ti-tle \OT1/cmtt/m/n/12 "OpenCL
: A parallel programming standard
 []

[13]
Missing character: There is no ‚ in font cmr12!
Missing character: There is no Ä in font cmr12!
Missing character: There is no ú in font cmr12!
Missing character: There is no ‚ in font cmr12!
Missing character: There is no Ä in font cmr12!
Missing character: There is no ù in font cmr12!
 [14]
Missing character: There is no ‚ in font cmr12!
Missing character: There is no Ä in font cmr12!
Missing character: There is no ú in font cmr12!
Missing character: There is no ‚ in font cmr12!
Missing character: There is no Ä in font cmr12!
Missing character: There is no ù in font cmr12!
Missing character: There is no ‚ in font cmr12!
Missing character: There is no Ä in font cmr12!
Missing character: There is no ú in font cmr12!
Missing character: There is no ‚ in font cmr12!
Missing character: There is no Ä in font cmr12!
Missing character: There is no ù in font cmr12!
Missing character: There is no ‚ in font cmr12!
Missing character: There is no Ä in font cmr12!
Missing character: There is no ú in font cmr12!
Missing character: There is no ‚ in font cmr12!
Missing character: There is no Ä in font cmr12!
Missing character: There is no ù in font cmr12!
 <./Figures/plateform_model.png, id=504, 609.27625pt x 289.08pt>
File: ./Figures/plateform_model.png Graphic file (type png)

<use ./Figures/plateform_model.png>
Package pdftex.def Info: ./Figures/plateform_model.png used on input line 479.
(pdftex.def)             Requested size: 417.47307pt x 198.08035pt.
Missing character: There is no ‚ in font cmr12!
Missing character: There is no Ä in font cmr12!
Missing character: There is no ú in font cmr12!
Missing character: There is no ‚ in font cmr12!
Missing character: There is no Ä in font cmr12!
Missing character: There is no ù in font cmr12!
Missing character: There is no ‚ in font cmr12!
Missing character: There is no Ä in font cmr12!
Missing character: There is no ú in font cmr12!
Missing character: There is no ‚ in font cmr12!
Missing character: There is no Ä in font cmr12!
Missing character: There is no ù in font cmr12!
Missing character: There is no ‚ in font cmr12!
Missing character: There is no Ä in font cmr12!
Missing character: There is no ú in font cmr12!
Missing character: There is no ‚ in font cmr12!
Missing character: There is no Ä in font cmr12!
Missing character: There is no ù in font cmr12!
Missing character: There is no ‚ in font cmr12!
Missing character: There is no Ä in font cmr12!
Missing character: There is no ú in font cmr12!
Missing character: There is no ‚ in font cmr12!
Missing character: There is no Ä in font cmr12!
Missing character: There is no ù in font cmr12!

<./Figures/memory_model.png, id=508, 542.025pt x 475.7775pt>
File: ./Figures/memory_model.png Graphic file (type png)

<use ./Figures/memory_model.png>
Package pdftex.def Info: ./Figures/memory_model.png used on input line 496.
(pdftex.def)             Requested size: 250.48637pt x 219.8694pt.
 [15 <./Figures/plateform_model.png>]
Missing character: There is no ‚ in font cmr12!
Missing character: There is no Ä in font cmr12!
Missing character: There is no ì in font cmr12!
Missing character: There is no ‚ in font cmr12!
Missing character: There is no Ä in font cmr12!
Missing character: There is no ì in font cmr12!

<./Figures/id.png, id=519, 742.775pt x 450.68375pt>
File: ./Figures/id.png Graphic file (type png)
 <use ./Figures/id.png>
Package pdftex.def Info: ./Figures/id.png used on input line 514.
(pdftex.def)             Requested size: 417.47307pt x 253.30954pt.

[16 <./Figures/memory_model.png>]
Overfull \hbox (0.32213pt too wide) in paragraph at lines 520--527
\OT1/cmr/m/n/12 nels. Threads (cores ) are gen-er-ally heavy-weight en-ti-ties 
and those con-text switches
 []

Missing character: There is no ‚ in font cmr12!
Missing character: There is no Ä in font cmr12!
Missing character: There is no ô in font cmr12!
[17 <./Figures/id.png>] [18] [19] [20]
<./Figures/amdahl.png, id=557, 352.31625pt x 302.12875pt>
File: ./Figures/amdahl.png Graphic file (type png)

<use ./Figures/amdahl.png>
Package pdftex.def Info: ./Figures/amdahl.png used on input line 676.
(pdftex.def)             Requested size: 208.73653pt x 179.00125pt.
 [21 <./Figures/amdahl.png>])
(./Chapters/Chapter2.tex [22]
Chapter 2.
------------------------------------------------------------------------------
 2 Design and Implementation
------------------------------------------------------------------------------
[23

] [24]) (./Chapters/Chapter3.tex [25]
Chapter 3.
------------------------------------------------------------------------------
 3 Experiment
------------------------------------------------------------------------------
[26

]
Overfull \hbox (10.32693pt too wide) in paragraph at lines 33--45
 [] 
 []

<./Figures/1_client.png, id=598, 812.03375pt x 494.84875pt>
File: ./Figures/1_client.png Graphic file (type png)

<use ./Figures/1_client.png>
Package pdftex.def Info: ./Figures/1_client.png used on input line 49.
(pdftex.def)             Requested size: 417.47307pt x 254.40068pt.

<./Figures/2_client.png, id=599, 817.0525pt x 498.86375pt>
File: ./Figures/2_client.png Graphic file (type png)

<use ./Figures/2_client.png>
Package pdftex.def Info: ./Figures/2_client.png used on input line 50.
(pdftex.def)             Requested size: 417.47307pt x 254.8967pt.
 [27] [28 <./Figures/1_client.png> <./Figures/2_client.png>] <./Figures/browser
.png, id=614, 512.91624pt x 318.18875pt>
File: ./Figures/browser.png Graphic file (type png)

<use ./Figures/browser.png>
Package pdftex.def Info: ./Figures/browser.png used on input line 70.
(pdftex.def)             Requested size: 375.7232pt x 233.0818pt.

Overfull \hbox (16.1366pt too wide) in paragraph at lines 91--104
 [] 
 []

[29 <./Figures/browser.png>]
<./Figures/WS_client_comparaison.png, id=622, 1371.1225pt x 770.88pt>
File: ./Figures/WS_client_comparaison.png Graphic file (type png)

<use ./Figures/WS_client_comparaison.png>
Package pdftex.def Info: ./Figures/WS_client_comparaison.png used on input line
 110.
(pdftex.def)             Requested size: 375.7232pt x 211.23396pt.

<./Figures/WS_server_comparaison.png, id=623, 1371.1225pt x 770.88pt>
File: ./Figures/WS_server_comparaison.png Graphic file (type png)

<use ./Figures/WS_server_comparaison.png>
Package pdftex.def Info: ./Figures/WS_server_comparaison.png used on input line
 111.
(pdftex.def)             Requested size: 375.7232pt x 211.23396pt.
 [30 <./Figures/WS_client_comparaison.png> <./Figures/WS_server_comparaison.png
>]
<./Figures/engine_client_comparaison.png, id=628, 1371.1225pt x 770.88pt>
File: ./Figures/engine_client_comparaison.png Graphic file (type png)

<use ./Figures/engine_client_comparaison.png>
Package pdftex.def Info: ./Figures/engine_client_comparaison.png used on input 
line 124.
(pdftex.def)             Requested size: 417.47307pt x 234.71225pt.

<./Figures/engine_server_comparaison.png, id=629, 1371.1225pt x 770.88pt>
File: ./Figures/engine_server_comparaison.png Graphic file (type png)

<use ./Figures/engine_server_comparaison.png>
Package pdftex.def Info: ./Figures/engine_server_comparaison.png used on input 
line 125.
(pdftex.def)             Requested size: 417.47307pt x 234.71225pt.
 [31 <./Figures/engine_client_comparaison.png> <./Figures/engine_server_compara
ison.png>]
Overfull \hbox (20.37961pt too wide) in paragraph at lines 153--167
 [] 
 []

<./Figures/WS_client_context.png, id=634, 1371.1225pt x 770.88pt>
File: ./Figures/WS_client_context.png Graphic file (type png)

<use ./Figures/WS_client_context.png>
Package pdftex.def Info: ./Figures/WS_client_context.png used on input line 171
.
(pdftex.def)             Requested size: 417.47307pt x 234.71225pt.

<./Figures/WS_server_context.png, id=635, 1371.1225pt x 770.88pt>
File: ./Figures/WS_server_context.png Graphic file (type png)

<use ./Figures/WS_server_context.png>
Package pdftex.def Info: ./Figures/WS_server_context.png used on input line 172
.
(pdftex.def)             Requested size: 417.47307pt x 234.71225pt.
 [32] [33 <./Figures/WS_client_context.png> <./Figures/WS_server_context.png>]
Overfull \hbox (16.1366pt too wide) in paragraph at lines 204--217
 [] 
 []

<./Figures/WS_client_rising.png, id=645, 1371.1225pt x 770.88pt>
File: ./Figures/WS_client_rising.png Graphic file (type png)

<use ./Figures/WS_client_rising.png>
Package pdftex.def Info: ./Figures/WS_client_rising.png used on input line 222.

(pdftex.def)             Requested size: 417.47307pt x 234.71225pt.
 [34 <./Figures/WS_client_rising.png>]
<./Figures/WS_server_1rising.png, id=650, 1371.1225pt x 770.88pt>
File: ./Figures/WS_server_1rising.png Graphic file (type png)

<use ./Figures/WS_server_1rising.png>
Package pdftex.def Info: ./Figures/WS_server_1rising.png used on input line 234
.
(pdftex.def)             Requested size: 417.47307pt x 234.71225pt.

<./Figures/WS_server_2rising.png, id=652, 1371.1225pt x 770.88pt>
File: ./Figures/WS_server_2rising.png Graphic file (type png)

<use ./Figures/WS_server_2rising.png>
Package pdftex.def Info: ./Figures/WS_server_2rising.png used on input line 247
.
(pdftex.def)             Requested size: 375.7232pt x 211.23396pt.

Underfull \hbox (badness 10000) in paragraph at lines 252--254

 []

[35 <./Figures/WS_server_1rising.png> <./Figures/WS_server_2rising.png>]
<./Figures/WS_server_3rising.png, id=657, 1371.1225pt x 770.88pt>
File: ./Figures/WS_server_3rising.png Graphic file (type png)

<use ./Figures/WS_server_3rising.png>
Package pdftex.def Info: ./Figures/WS_server_3rising.png used on input line 259
.
(pdftex.def)             Requested size: 417.47307pt x 234.71225pt.
 [36 <./Figures/WS_server_3rising.png>]
Overfull \hbox (16.1366pt too wide) in paragraph at lines 297--308
 [] 
 []

[37] <./Figures/base_client_influence.png, id=667, 1371.1225pt x 770.88pt>
File: ./Figures/base_client_influence.png Graphic file (type png)

<use ./Figures/base_client_influence.png>
Package pdftex.def Info: ./Figures/base_client_influence.png used on input line
 321.
(pdftex.def)             Requested size: 417.47307pt x 234.71225pt.

<./Figures/base_server_influence.png, id=668, 1371.1225pt x 770.88pt>
File: ./Figures/base_server_influence.png Graphic file (type png)

<use ./Figures/base_server_influence.png>
Package pdftex.def Info: ./Figures/base_server_influence.png used on input line
 322.
(pdftex.def)             Requested size: 417.47307pt x 234.71225pt.
 [38 <./Figures/base_client_influence.png> <./Figures/base_server_influence.png
>]
<./Figures/ping_server_influence.png, id=673, 1371.1225pt x 770.88pt>
File: ./Figures/ping_server_influence.png Graphic file (type png)

<use ./Figures/ping_server_influence.png>
Package pdftex.def Info: ./Figures/ping_server_influence.png used on input line
 336.
(pdftex.def)             Requested size: 375.7232pt x 211.23396pt.

<./Figures/communication_server_influence.png, id=675, 1371.1225pt x 770.88pt>
File: ./Figures/communication_server_influence.png Graphic file (type png)

<use ./Figures/communication_server_influence.png>
Package pdftex.def Info: ./Figures/communication_server_influence.png used on i
nput line 349.
(pdftex.def)             Requested size: 375.7232pt x 211.23396pt.
 [39 <./Figures/ping_server_influence.png> <./Figures/communication_server_infl
uence.png>]
<./Figures/file_server_influence.png, id=681, 1371.1225pt x 770.88pt>
File: ./Figures/file_server_influence.png Graphic file (type png)

<use ./Figures/file_server_influence.png>
Package pdftex.def Info: ./Figures/file_server_influence.png used on input line
 361.
(pdftex.def)             Requested size: 417.47307pt x 234.71225pt.

Overfull \hbox (11.5672pt too wide) in paragraph at lines 383--396
 [] 
 []

[40 <./Figures/file_server_influence.png>]
<./Figures/9balancer.png, id=686, 1371.1225pt x 770.88pt>
File: ./Figures/9balancer.png Graphic file (type png)

<use ./Figures/9balancer.png>
Package pdftex.def Info: ./Figures/9balancer.png used on input line 401.
(pdftex.def)             Requested size: 417.47307pt x 234.71225pt.

<./Figures/12balancer.png, id=687, 1371.1225pt x 770.88pt>
File: ./Figures/12balancer.png Graphic file (type png)

<use ./Figures/12balancer.png>
Package pdftex.def Info: ./Figures/12balancer.png used on input line 402.
(pdftex.def)             Requested size: 417.47307pt x 234.71225pt.
 [41 <./Figures/9balancer.png> <./Figures/12balancer.png>] [42]) (./Chapters/Ch
apter4.tex [43]
Chapter 4.
------------------------------------------------------------------------------
 4 Conclusion
------------------------------------------------------------------------------
[44

]) (./Appendices/AppendixA.tex [45]
Appendix A.
------------------------------------------------------------------------------
 A SocketCluster
------------------------------------------------------------------------------
<./Figures/WS_client_simplePing.png, id=709, 566.115pt x 500.87125pt>
File: ./Figures/WS_client_simplePing.png Graphic file (type png)

<use ./Figures/WS_client_simplePing.png>
Package pdftex.def Info: ./Figures/WS_client_simplePing.png used on input line 
16.
(pdftex.def)             Requested size: 292.22987pt x 258.55916pt.
 [46

 <./Figures/WS_client_simplePing.png>] <./Figures/WS_server_simplePong.png, id=
715, 614.295pt x 201.75375pt>
File: ./Figures/WS_server_simplePong.png Graphic file (type png)

<use ./Figures/WS_server_simplePong.png>
Package pdftex.def Info: ./Figures/WS_server_simplePong.png used on input line 
32.
(pdftex.def)             Requested size: 417.47307pt x 137.11377pt.

<./Figures/WS_client_delivery.png, id=716, 518.93875pt x 294.09875pt>
File: ./Figures/WS_client_delivery.png Graphic file (type png)

<use ./Figures/WS_client_delivery.png>
Package pdftex.def Info: ./Figures/WS_client_delivery.png used on input line 50
.
(pdftex.def)             Requested size: 417.47307pt x 236.60764pt.
 [47 <./Figures/WS_server_simplePong.png>] <./Figures/WS_server_delivery.png, i
d=722, 617.30624pt x 405.515pt>
File: ./Figures/WS_server_delivery.png Graphic file (type png)

<use ./Figures/WS_server_delivery.png>
Package pdftex.def Info: ./Figures/WS_server_delivery.png used on input line 62
.
(pdftex.def)             Requested size: 417.47307pt x 274.24913pt.
) (./Appendices/AppendixB.tex [48 <./Figures/WS_client_delivery.png> <./Figures
/WS_server_delivery.png>]
Appendix B.
------------------------------------------------------------------------------
 B Engine.io
------------------------------------------------------------------------------
<./Figures/engine_client_simplePong.png, id=730, 589.20125pt x 390.45876pt>
File: ./Figures/engine_client_simplePong.png Graphic file (type png)

<use ./Figures/engine_client_simplePong.png>
Package pdftex.def Info: ./Figures/engine_client_simplePong.png used on input l
ine 16.
(pdftex.def)             Requested size: 375.7232pt x 248.9931pt.
 [49

 <./Figures/engine_client_simplePong.png>]
<./Figures/engine_server_simplePing.png, id=737, 428.60126pt x 199.74625pt>
File: ./Figures/engine_server_simplePing.png Graphic file (type png)

<use ./Figures/engine_server_simplePing.png>
Package pdftex.def Info: ./Figures/engine_server_simplePing.png used on input l
ine 28.
(pdftex.def)             Requested size: 292.22987pt x 136.19139pt.
) (./Appendices/AppendixC.tex
[50 <./Figures/engine_server_simplePing.png>]
Appendix C.
------------------------------------------------------------------------------
 C Real time throughout check
------------------------------------------------------------------------------
<./Figures/index_script.png, id=743, 486.81876pt x 344.28625pt>
File: ./Figures/index_script.png Graphic file (type png)

<use ./Figures/index_script.png>
Package pdftex.def Info: ./Figures/index_script.png used on input line 9.
(pdftex.def)             Requested size: 333.97972pt x 236.19713pt.
) [51

 <./Figures/index_script.png>]
------------------------------------------------------------------------------
 Bibliography
------------------------------------------------------------------------------
(./Thesis.bbl
Missing character: There is no √ in font cmr12!
Missing character: There is no § in font cmr12!
 [52


]
Missing character: There is no √ in font cmr12!
Missing character: There is no ´ in font cmr12!
Missing character: There is no √ in font cmr12!
Missing character: There is no © in font cmr12!
)
Package atveryend Info: Empty hook `BeforeClearDocument' on input line 179.
 [53]
Package atveryend Info: Empty hook `AfterLastShipout' on input line 179.
 (./Thesis.aux)
Package atveryend Info: Executing hook `AtVeryEndDocument' on input line 179.
Package atveryend Info: Executing hook `AtEndAfterFileList' on input line 179.
Package rerunfilecheck Info: File `Thesis.out' has not changed.
(rerunfilecheck)             Checksum: 44167E9B7B7079D512A98D5B1905BE34;8370.
Package atveryend Info: Empty hook `AtVeryVeryEnd' on input line 179.
 ) 
Here is how much of TeX's memory you used:
 13835 strings out of 494985
 199639 string characters out of 6180356
 259276 words of memory out of 5000000
 16618 multiletter control sequences out of 15000+600000
 13623 words of font info for 51 fonts, out of 8000000 for 9000
 36 hyphenation exceptions out of 8191
 49i,12n,45p,436b,458s stack positions out of 5000i,500n,10000p,200000b,80000s
 </home/hopla/.texmf-var/fonts/pk/ljfour/jknappen/ec/tcrm1200.600pk> </home/h
opla/.texmf-var/fonts/pk/ljfour/jknappen/ec/tcrm1440.600pk></usr/share/texlive/
texmf-dist/fonts/type1/public/amsfonts/cm/cmbx12.pfb></usr/share/texlive/texmf-
dist/fonts/type1/public/amsfonts/cm/cmcsc10.pfb></usr/share/texlive/texmf-dist/
fonts/type1/public/amsfonts/cm/cmmi12.pfb></usr/share/texlive/texmf-dist/fonts/
type1/public/amsfonts/cm/cmmi8.pfb></usr/share/texlive/texmf-dist/fonts/type1/p
ublic/amsfonts/cm/cmr10.pfb></usr/share/texlive/texmf-dist/fonts/type1/public/a
msfonts/cm/cmr12.pfb></usr/share/texlive/texmf-dist/fonts/type1/public/amsfonts
/cm/cmr17.pfb></usr/share/texlive/texmf-dist/fonts/type1/public/amsfonts/cm/cmr
8.pfb></usr/share/texlive/texmf-dist/fonts/type1/public/amsfonts/cm/cmsy10.pfb>
</usr/share/texlive/texmf-dist/fonts/type1/public/amsfonts/cm/cmsy8.pfb></usr/s
hare/texlive/texmf-dist/fonts/type1/public/amsfonts/cm/cmti12.pfb></usr/share/t
exlive/texmf-dist/fonts/type1/public/amsfonts/cm/cmtt10.pfb></usr/share/texlive
/texmf-dist/fonts/type1/public/amsfonts/cm/cmtt12.pfb></usr/share/texlive/texmf
-dist/fonts/type1/public/amsfonts/symbols/msam7.pfb>
Output written on Thesis.pdf (63 pages, 2990523 bytes).
PDF statistics:
 881 PDF objects out of 1000 (max. 8388607)
 720 compressed objects within 8 object streams
 173 named destinations out of 1000 (max. 500000)
 593 words of extra memory for PDF output out of 10000 (max. 10000000)

