\BOOKMARK [0][-]{dummy.1}{\376\377\000D\000e\000c\000l\000a\000r\000a\000t\000i\000o\000n\000\040\000o\000f\000\040\000A\000u\000t\000h\000o\000r\000s\000h\000i\000p}{}% 1
\BOOKMARK [0][-]{chapter*.2}{\376\377\000A\000b\000s\000t\000r\000a\000c\000t}{}% 2
\BOOKMARK [0][-]{chapter*.3}{\376\377\000A\000c\000k\000n\000o\000w\000l\000e\000d\000g\000e\000m\000e\000n\000t\000s}{}% 3
\BOOKMARK [0][-]{dummy.5}{\376\377\000L\000i\000s\000t\000\040\000o\000f\000\040\000F\000i\000g\000u\000r\000e\000s}{}% 4
\BOOKMARK [0][-]{dummy.7}{\376\377\000A\000b\000b\000r\000e\000v\000i\000a\000t\000i\000o\000n\000s}{}% 5
\BOOKMARK [0][-]{chapter.10}{\376\377\0001\000\040\000I\000n\000t\000r\000o\000d\000u\000c\000t\000i\000o\000n}{}% 6
\BOOKMARK [1][-]{section.11}{\376\377\0001\000.\0001\000\040\000J\000a\000v\000a\000s\000c\000r\000i\000p\000t}{chapter.10}% 7
\BOOKMARK [1][-]{section.12}{\376\377\0001\000.\0002\000\040\000C\000l\000i\000e\000n\000t\000\040\000s\000e\000r\000v\000e\000r\000\040\000c\000o\000m\000m\000u\000n\000i\000c\000a\000t\000i\000o\000n\000s}{chapter.10}% 8
\BOOKMARK [2][-]{subsection.13}{\376\377\0001\000.\0002\000.\0001\000\040\000H\000T\000T\000P\000\040\000p\000r\000o\000t\000o\000c\000o\000l}{section.12}% 9
\BOOKMARK [2][-]{subsection.14}{\376\377\0001\000.\0002\000.\0002\000\040\000P\000a\000g\000e\000\040\000b\000y\000\040\000p\000a\000g\000e\000\040\000m\000o\000d\000e\000l}{section.12}% 10
\BOOKMARK [2][-]{subsection.16}{\376\377\0001\000.\0002\000.\0003\000\040\000P\000o\000l\000l\000i\000n\000g}{section.12}% 11
\BOOKMARK [2][-]{subsection.18}{\376\377\0001\000.\0002\000.\0004\000\040\000L\000o\000n\000g\000\040\000p\000o\000l\000l\000i\000n\000g}{section.12}% 12
\BOOKMARK [2][-]{subsection.20}{\376\377\0001\000.\0002\000.\0005\000\040\000S\000t\000r\000e\000a\000m\000i\000n\000g}{section.12}% 13
\BOOKMARK [2][-]{subsection.22}{\376\377\0001\000.\0002\000.\0006\000\040\000C\000u\000r\000r\000e\000n\000t\000\040\000t\000e\000c\000h\000n\000o\000l\000o\000g\000i\000e\000s\000\040\000i\000n\000\040\000b\000r\000o\000w\000s\000e\000r}{section.12}% 14
\BOOKMARK [1][-]{section.23}{\376\377\0001\000.\0003\000\040\000W\000e\000b\000S\000o\000c\000k\000e\000t\000\040\000p\000r\000o\000t\000o\000c\000o\000l}{chapter.10}% 15
\BOOKMARK [2][-]{subsection.24}{\376\377\0001\000.\0003\000.\0001\000\040\000D\000e\000f\000i\000n\000i\000t\000i\000o\000n}{section.23}% 16
\BOOKMARK [2][-]{subsection.25}{\376\377\0001\000.\0003\000.\0002\000\040\000T\000h\000e\000\040\000W\000e\000b\000S\000o\000c\000k\000e\000t\000\040\000h\000a\000n\000d\000s\000h\000a\000k\000e}{section.23}% 17
\BOOKMARK [2][-]{subsection.26}{\376\377\0001\000.\0003\000.\0003\000\040\000T\000r\000a\000n\000s\000p\000o\000r\000t\000\040\000l\000a\000y\000e\000r\000\040\000p\000r\000o\000t\000o\000c\000o\000l}{section.23}% 18
\BOOKMARK [2][-]{subsection.27}{\376\377\0001\000.\0003\000.\0004\000\040\000T\000h\000e\000\040\000W\000e\000b\000S\000o\000c\000k\000e\000t\000\040\000f\000r\000a\000m\000e\000\040\000a\000n\000a\000t\000o\000m\000y}{section.23}% 19
\BOOKMARK [2][-]{subsection.33}{\376\377\0001\000.\0003\000.\0005\000\040\000P\000r\000o\000x\000i\000e\000s}{section.23}% 20
\BOOKMARK [0][-]{chapter.34}{\376\377\0002\000\040\000L\000i\000t\000e\000r\000r\000a\000t\000u\000r\000e\000\040\000r\000e\000v\000i\000e\000w}{}% 21
\BOOKMARK [1][-]{section.35}{\376\377\0002\000.\0001\000\040\000I\000m\000p\000l\000e\000m\000e\000n\000t\000a\000t\000i\000o\000n}{chapter.34}% 22
\BOOKMARK [2][-]{subsection.36}{\376\377\0002\000.\0001\000.\0001\000\040\000W\000e\000b\000S\000o\000c\000k\000e\000t\000\040\000s\000e\000r\000v\000e\000r\000\040\000i\000m\000p\000l\000e\000m\000e\000n\000t\000a\000t\000i\000o\000n}{section.35}% 23
\BOOKMARK [2][-]{subsection.37}{\376\377\0002\000.\0001\000.\0002\000\040\000H\000e\000t\000e\000r\000o\000g\000e\000n\000e\000o\000u\000s\000\040\000i\000m\000p\000l\000e\000m\000e\000n\000t\000a\000t\000i\000o\000n\000\040\000w\000i\000t\000h\000\040\000O\000p\000e\000n\000C\000L}{section.35}% 24
\BOOKMARK [2][-]{subsection.41}{\376\377\0002\000.\0001\000.\0003\000\040\000W\000e\000b\000C\000L}{section.35}% 25
\BOOKMARK [2][-]{subsection.42}{\376\377\0002\000.\0001\000.\0004\000\040\000G\000P\000U\000\040\000c\000l\000u\000s\000t\000e\000r\000s}{section.35}% 26
\BOOKMARK [1][-]{section.43}{\376\377\0002\000.\0002\000\040\000S\000c\000a\000l\000a\000b\000i\000l\000i\000t\000y}{chapter.34}% 27
\BOOKMARK [2][-]{subsection.44}{\376\377\0002\000.\0002\000.\0001\000\040\000S\000c\000a\000l\000i\000n\000g\000\040\000u\000p}{section.43}% 28
\BOOKMARK [2][-]{subsection.45}{\376\377\0002\000.\0002\000.\0002\000\040\000S\000c\000a\000l\000i\000n\000g\000\040\000o\000u\000t}{section.43}% 29
\BOOKMARK [0][-]{chapter.47}{\376\377\0003\000\040\000D\000e\000s\000i\000g\000n\000\040\000a\000n\000d\000\040\000I\000m\000p\000l\000e\000m\000e\000n\000t\000a\000t\000i\000o\000n}{}% 30
\BOOKMARK [0][-]{chapter.48}{\376\377\0004\000\040\000E\000x\000p\000e\000r\000i\000m\000e\000n\000t}{}% 31
\BOOKMARK [1][-]{section.49}{\376\377\0004\000.\0001\000\040\000C\000l\000i\000e\000n\000t\000\040\000t\000h\000r\000o\000u\000g\000h\000o\000u\000t}{chapter.48}% 32
\BOOKMARK [2][-]{subsection.50}{\376\377\0004\000.\0001\000.\0001\000\040\000C\000l\000i\000e\000n\000t\000\040\000s\000c\000a\000l\000a\000b\000i\000l\000i\000t\000y}{section.49}% 33
\BOOKMARK [2][-]{subsection.52}{\376\377\0004\000.\0001\000.\0002\000\040\000b\000r\000o\000w\000s\000e\000r\000\040\000t\000e\000s\000t\000i\000n\000g}{section.49}% 34
\BOOKMARK [1][-]{section.54}{\376\377\0004\000.\0002\000\040\000C\000o\000m\000p\000a\000r\000a\000i\000s\000o\000n\000\040\000w\000i\000t\000h\000\040\000e\000n\000g\000i\000n\000e\000.\000i\000o}{chapter.48}% 35
\BOOKMARK [1][-]{section.57}{\376\377\0004\000.\0003\000\040\000S\000o\000c\000k\000e\000t\000C\000l\000u\000s\000t\000e\000r\000\040\000c\000o\000n\000t\000e\000x\000t\000\040\000s\000w\000i\000t\000c\000h\000i\000n\000g}{chapter.48}% 36
\BOOKMARK [1][-]{section.59}{\376\377\0004\000.\0004\000\040}{chapter.48}% 37
\BOOKMARK [0][-]{appendix.64}{\376\377\000A\000\040\000S\000o\000c\000k\000e\000t\000C\000l\000u\000s\000t\000e\000r}{}% 38
\BOOKMARK [1][-]{section.65}{\376\377\000A\000.\0001\000\040\000S\000i\000m\000p\000l\000e\000\040\000p\000i\000n\000g\000-\000p\000o\000n\000g\000\040\000e\000x\000c\000h\000a\000n\000g\000e}{appendix.64}% 39
\BOOKMARK [1][-]{section.68}{\376\377\000A\000.\0002\000\040\000F\000i\000l\000e\000\040\000t\000r\000a\000n\000s\000f\000e\000r}{appendix.64}% 40
\BOOKMARK [0][-]{appendix.71}{\376\377\000B\000\040\000E\000n\000g\000i\000n\000e\000.\000i\000o}{}% 41
\BOOKMARK [0][-]{appendix.74}{\376\377\000C\000\040\000R\000e\000a\000l\000\040\000t\000i\000m\000e\000\040\000t\000h\000r\000o\000u\000g\000h\000o\000u\000t\000\040\000c\000h\000e\000c\000k}{}% 42
\BOOKMARK [0][-]{dummy.76}{\376\377\000B\000i\000b\000l\000i\000o\000g\000r\000a\000p\000h\000y}{}% 43
